<?xml version="1.0" encoding="UTF-8"?>
<!-- Generated by org.testng.reporters.JUnitReportReporter -->
<testsuite skipped="0" hostname="DESKTOP-G75P14J" name="testNG.Assert_HardCode" tests="1" failures="0" timestamp="2020-08-24T14:58:26 IST" time="0.016" errors="0">
  <testcase name="check" time="0.016" classname="testNG.Assert_HardCode"/>
  <system-out/>
</testsuite> <!-- testNG.Assert_HardCode -->
