<?xml version="1.0" encoding="UTF-8"?>
<!-- Generated by org.testng.reporters.JUnitReportReporter -->
<testsuite skipped="0" hostname="DESKTOP-G75P14J" name="testNG.Sample_testng" tests="1" failures="0" timestamp="2020-08-18T13:50:59 IST" time="0.015" errors="0">
  <testcase name="test1" time="0.015" classname="testNG.Sample_testng"/>
  <system-out/>
</testsuite> <!-- testNG.Sample_testng -->
