<?xml version="1.0" encoding="UTF-8"?>
<!-- Generated by org.testng.reporters.JUnitReportReporter -->
<testsuite skipped="1" hostname="DESKTOP-G75P14J" name="testNG.BeforeClass_testng" tests="2" failures="0" timestamp="2020-08-19T13:18:16 IST" time="0.000" errors="0">
  <testcase name="test" time="0.000" classname="testNG.BeforeClass_testng"/>
  <system-out/>
  <testcase name="test1" classname="testNG.BeforeClass_testng">
    <skipped/>
  </testcase> <!-- test1 -->
  <system-out/>
</testsuite> <!-- testNG.BeforeClass_testng -->
