<?xml version="1.0" encoding="UTF-8"?>
<!-- Generated by org.testng.reporters.JUnitReportReporter -->
<testsuite skipped="0" hostname="DESKTOP-G75P14J" name="testNG.StaticBlock_testng" tests="1" failures="0" timestamp="2020-08-19T13:24:41 IST" time="0.011" errors="0">
  <testcase name="test" time="0.011" classname="testNG.StaticBlock_testng"/>
  <system-out/>
</testsuite> <!-- testNG.StaticBlock_testng -->
