<?xml version="1.0" encoding="UTF-8"?>
<!-- Generated by org.testng.reporters.JUnitReportReporter -->
<testsuite skipped="0" hostname="DESKTOP-G75P14J" name="testNG.FlipKart_TestNg" tests="1" failures="0" timestamp="2020-08-23T20:02:53 IST" time="18.309" errors="0">
  <testcase name="flipkar" time="18.309" classname="testNG.FlipKart_TestNg"/>
  <system-out/>
</testsuite> <!-- testNG.FlipKart_TestNg -->
