<?xml version="1.0" encoding="UTF-8"?>
<!-- Generated by org.testng.reporters.JUnitReportReporter -->
<testsuite skipped="0" hostname="DESKTOP-G75P14J" name="testNG.OpenMozilla_testng" tests="2" failures="0" timestamp="2020-08-18T20:17:38 IST" time="50.331" errors="0">
  <testcase name="test" time="23.384" classname="testNG.OpenMozilla_testng"/>
  <system-out/>
  <testcase name="testchrom" time="26.947" classname="testNG.OpenMozilla_testng"/>
  <system-out/>
</testsuite> <!-- testNG.OpenMozilla_testng -->
