<?xml version="1.0" encoding="UTF-8"?>
<!-- Generated by org.testng.reporters.JUnitReportReporter -->
<testsuite skipped="0" hostname="DESKTOP-G75P14J" name="testNG.Sample_testng2" tests="1" failures="0" timestamp="2020-08-18T14:09:10 IST" time="0.015" errors="0">
  <testcase name="test" time="0.015" classname="testNG.Sample_testng2"/>
  <system-out/>
</testsuite> <!-- testNG.Sample_testng2 -->
