<?xml version="1.0" encoding="UTF-8"?>
<!-- Generated by org.testng.reporters.JUnitReportReporter -->
<testsuite skipped="0" hostname="DESKTOP-G75P14J" name="testNG.OpenChrome_testng" tests="1" failures="0" timestamp="2020-08-18T20:04:43 IST" time="20.803" errors="0">
  <testcase name="test" time="20.803" classname="testNG.OpenChrome_testng"/>
  <system-out/>
</testsuite> <!-- testNG.OpenChrome_testng -->
