<?xml version="1.0" encoding="UTF-8"?>
<!-- Generated by org.testng.reporters.JUnitReportReporter -->
<testsuite skipped="0" hostname="DESKTOP-G75P14J" name="testNG.PomWith_TestNG" tests="1" failures="0" timestamp="2020-08-22T09:53:36 IST" time="12.629" errors="0">
  <testcase name="home" time="12.629" classname="testNG.PomWith_TestNG"/>
  <system-out>
home page of Kite  </system-out>
</testsuite> <!-- testNG.PomWith_TestNG -->
