<?xml version="1.0" encoding="UTF-8"?>
<!-- Generated by org.testng.reporters.JUnitReportReporter -->
<testsuite skipped="0" hostname="DESKTOP-G75P14J" name="testNG.Sample_testng3" tests="2" failures="0" timestamp="2020-08-18T19:59:33 IST" time="0.015" errors="0">
  <testcase name="test3" time="0.003" classname="testNG.Sample_testng3"/>
  <system-out/>
  <testcase name="test1" time="0.012" classname="testNG.Sample_testng3"/>
  <system-out/>
</testsuite> <!-- testNG.Sample_testng3 -->
