<?xml version="1.0" encoding="UTF-8"?>
<!-- Generated by org.testng.reporters.JUnitReportReporter -->
<testsuite skipped="0" hostname="DESKTOP-G75P14J" name="testNG.TimeOut_TestNG" tests="2" failures="0" timestamp="2020-08-20T22:14:46 IST" time="0.110" errors="0">
  <testcase name="LogOut" time="0.000" classname="testNG.TimeOut_TestNG"/>
  <system-out/>
  <testcase name="Login" time="0.110" classname="testNG.TimeOut_TestNG"/>
  <system-out/>
</testsuite> <!-- testNG.TimeOut_TestNG -->
